[INFO] 11:53:54:879 TP0/(10256:10256): Hola! Soy un log
[INFO] 11:53:54:881 TP0/(10256:10256): Hola, soy un valor
[INFO] 12:06:09:095 TP0/(10524:10524): Hola! Soy un log
[INFO] 12:06:09:099 TP0/(10524:10524): Hola, soy un valor
[INFO] 12:06:11:330 TP0/(10524:10524): hol
[INFO] 12:06:21:701 TP0/(10524:10524): estoy imprimiendo
[INFO] 12:47:26:264 TP0/(11285:11285): Hola! Soy un log
[INFO] 12:47:26:268 TP0/(11285:11285): Hola, soy un valor
[INFO] 12:47:30:521 TP0/(11285:11285): hola
[INFO] 12:47:33:772 TP0/(11285:11285): dgd
[INFO] 12:47:35:373 TP0/(11285:11285): fdfd
[INFO] 12:47:37:001 TP0/(11285:11285): fsdfsdf
[INFO] 13:02:45:273 TP0/(11700:11700): Hola! Soy un log
[INFO] 13:02:45:279 TP0/(11700:11700): Hola, soy un valor
[INFO] 13:02:48:596 TP0/(11700:11700): hola
[INFO] 13:02:49:989 TP0/(11700:11700): fdgdf
[INFO] 13:02:50:808 TP0/(11700:11700): gdfgfd
[INFO] 13:03:38:796 TP0/(11743:11743): Hola! Soy un log
[INFO] 13:03:38:800 TP0/(11743:11743): Hola, soy un valor
[INFO] 13:03:40:398 TP0/(11743:11743): hol
[INFO] 13:04:01:208 TP0/(11774:11774): Hola! Soy un log
[INFO] 13:04:01:215 TP0/(11774:11774): Hola, soy un valor
[INFO] 13:25:24:900 TP0/(12184:12184): Hola! Soy un log
[INFO] 13:25:24:910 TP0/(12184:12184): Hola, soy un valor
[INFO] 13:28:11:666 TP0/(23149:23149): Hola! Soy un log
[INFO] 13:28:11:669 TP0/(23149:23149): Hola, soy un valor
[INFO] 13:28:15:096 TP0/(23149:23149): hola
[INFO] 13:28:50:396 TP0/(28304:28304): Hola! Soy un log
[INFO] 13:28:50:403 TP0/(28304:28304): Hola, soy un valor
[INFO] 15:22:56:088 TP0/(24558:24558): Hola! Soy un log
[INFO] 15:22:56:090 TP0/(24558:24558): Hola, soy un valor
[INFO] 15:22:58:232 TP0/(24558:24558): hola
[INFO] 15:23:54:679 TP0/(24594:24594): Hola! Soy un log
[INFO] 15:23:54:690 TP0/(24594:24594): Hola, soy un valor
[INFO] 15:23:58:032 TP0/(24594:24594): sdfsd
[INFO] 15:23:59:370 TP0/(24594:24594): sdfsd
[INFO] 15:24:28:640 TP0/(24633:24633): Hola! Soy un log
[INFO] 15:24:28:651 TP0/(24633:24633): Hola, soy un valor
[INFO] 15:24:39:076 TP0/(24633:24633): escribiendo en el log de client
[INFO] 17:53:54:111 TP0/(26113:26113): Hola! Soy un log
[INFO] 17:53:54:113 TP0/(26113:26113): Hola, soy un valor
[INFO] 17:54:07:026 TP0/(26133:26133): Hola! Soy un log
[INFO] 17:54:07:031 TP0/(26133:26133): Hola, soy un valor
[INFO] 17:54:25:128 TP0/(26177:26177): Hola! Soy un log
[INFO] 17:54:25:132 TP0/(26177:26177): Hola, soy un valor
[INFO] 17:54:27:206 TP0/(26177:26177): hola
[INFO] 17:54:28:362 TP0/(26177:26177): hola
[INFO] 17:54:45:641 TP0/(26213:26213): Hola! Soy un log
[INFO] 17:54:45:891 TP0/(26213:26213): Hola, soy un valor
[INFO] 17:54:48:190 TP0/(26213:26213): 1
[INFO] 17:54:48:929 TP0/(26213:26213): 2
[INFO] 17:54:49:394 TP0/(26213:26213): 3
[INFO] 19:10:24:904 TP0/(28784:28784): Hola! Soy un log
[INFO] 19:10:25:763 TP0/(28784:28784): Hola, soy un valor
[INFO] 19:50:46:160 TP0/(29962:29962): Hola! Soy un log
[INFO] 19:50:46:171 TP0/(29962:29962): Hola, soy un valor
[INFO] 19:50:48:208 TP0/(29962:29962): 1
[INFO] 19:50:48:679 TP0/(29962:29962): 2
[INFO] 19:51:05:814 TP0/(29994:29994): Hola! Soy un log
[INFO] 19:51:06:046 TP0/(29994:29994): Hola, soy un valor
[INFO] 19:53:01:514 TP0/(30137:30137): Hola! Soy un log
[INFO] 19:53:01:523 TP0/(30137:30137): Hola, soy un valor
[INFO] 19:54:18:254 TP0/(30332:30332): Hola! Soy un log
[INFO] 19:54:18:502 TP0/(30332:30332): Hola, soy un valor
[INFO] 19:54:20:597 TP0/(30332:30332): 1
[INFO] 19:54:21:048 TP0/(30332:30332): 2
[INFO] 20:20:23:473 TP0/(31286:31286): Hola! Soy un log
[INFO] 20:20:23:747 TP0/(31286:31286): Hola, soy un valor
[INFO] 20:30:22:868 TP0/(31771:31771): Hola! Soy un log
[INFO] 20:30:22:877 TP0/(31771:31771): Hola, soy un valor
[INFO] 20:30:24:337 TP0/(31771:31771): 1
[INFO] 20:30:25:172 TP0/(31771:31771): 2
[INFO] 20:34:37:331 TP0/(31940:31940): Hola! Soy un log
[INFO] 20:34:37:341 TP0/(31940:31940): Hola, soy un valor
[INFO] 20:34:46:217 TP0/(31956:31956): Hola! Soy un log
[INFO] 20:34:46:226 TP0/(31956:31956): Hola, soy un valor
[INFO] 20:36:26:317 TP0/(32023:32023): Hola! Soy un log
[INFO] 20:36:26:630 TP0/(32023:32023): Hola, soy un valor
[INFO] 20:38:16:707 TP0/(32129:32129): Hola! Soy un log
[INFO] 20:38:16:711 TP0/(32129:32129): Hola, soy un valor
[INFO] 21:55:46:714 TP0/(5001:5001): Hola! Soy un log
[INFO] 21:55:47:154 TP0/(5001:5001): Hola, soy un valor
[INFO] 21:55:56:774 TP0/(5001:5001): 1213235235
[INFO] 21:55:58:923 TP0/(5001:5001): 21422131
[INFO] 21:56:00:877 TP0/(5001:5001): 1121223
[INFO] 22:08:17:446 TP0/(5326:5326): Hola! Soy un log
[INFO] 22:08:17:456 TP0/(5326:5326): Hola, soy un valor
[INFO] 22:18:21:174 TP0/(5634:5634): Hola! Soy un log
[INFO] 22:18:21:181 TP0/(5634:5634): Hola, soy un valor
[INFO] 22:18:37:429 TP0/(5662:5662): Hola! Soy un log
[INFO] 22:18:37:655 TP0/(5662:5662): Hola, soy un valor
[INFO] 22:21:44:497 TP0/(5793:5793): Hola! Soy un log
[INFO] 22:21:44:747 TP0/(5793:5793): Hola, soy un valor
[INFO] 22:50:52:424 TP0/(6224:6224): Hola! Soy un log
[INFO] 22:50:52:433 TP0/(6224:6224): Hola, soy un valor
[INFO] 22:51:07:157 TP0/(6255:6255): Hola! Soy un log
[INFO] 22:51:07:167 TP0/(6255:6255): Hola, soy un valor
[INFO] 22:51:07:916 TP0/(6255:6255): 1
[INFO] 22:51:08:368 TP0/(6255:6255): 2
[INFO] 22:51:08:786 TP0/(6255:6255): 3
[INFO] 23:12:41:286 TP0/(6697:6697): Hola! Soy un log
[INFO] 23:12:41:511 TP0/(6697:6697): Hola, soy un valor
[INFO] 23:12:45:365 TP0/(6697:6697): 1
[INFO] 23:12:45:857 TP0/(6697:6697): 2
[INFO] 23:29:39:545 TP0/(6947:6947): Hola! Soy un log
[INFO] 23:29:39:548 TP0/(6947:6947): Hola, soy un valor
[INFO] 23:29:43:234 TP0/(6947:6947): 1
[INFO] 23:29:43:751 TP0/(6947:6947): 2
[INFO] 23:29:44:730 TP0/(6947:6947): 3
